<?xml version="1.0" encoding="utf-8"?><testsuites name="pytest tests"><testsuite name="pytest" errors="0" failures="0" skipped="0" tests="9" time="5.437" timestamp="2026-03-21T15:13:01.697746+00:00" hostname="agent-env-07ef9ff6-3de5-42a2-873a-153c461bdc87"><testcase classname="backend.tests.test_recurrence_features.TestMonthlyRecurrence" name="test_monthly_recurrence_with_occurrences" time="0.561" /><testcase classname="backend.tests.test_recurrence_features.TestMonthlyRecurrence" name="test_monthly_recurrence_with_end_date" time="0.060" /><testcase classname="backend.tests.test_recurrence_features.TestMonthlyRecurrence" name="test_monthly_recurrence_never_end" time="0.072" /><testcase classname="backend.tests.test_recurrence_features.TestCustomRecurrence" name="test_custom_weekly_with_weekdays" time="0.596" /><testcase classname="backend.tests.test_recurrence_features.TestCustomRecurrence" name="test_custom_biweekly_with_weekdays" time="0.059" /><testcase classname="backend.tests.test_recurrence_features.TestCustomRecurrence" name="test_custom_monthly_recurrence" time="0.103" /><testcase classname="backend.tests.test_recurrence_features.TestCustomRecurrence" name="test_custom_recurrence_with_end_date" time="0.054" /><testcase classname="backend.tests.test_recurrence_features.TestRecurrenceRuleStorage" name="test_schedule_stores_recurrence_rule" time="0.573" /><testcase classname="backend.tests.test_recurrence_features.TestRecurrenceCleanup" name="test_cleanup_test_data" time="3.306" /></testsuite></testsuites>