<?xml version="1.0" encoding="utf-8"?><testsuites name="pytest tests"><testsuite name="pytest" errors="0" failures="0" skipped="0" tests="18" time="4.201" timestamp="2026-03-21T14:24:06.461050+00:00" hostname="agent-env-07ef9ff6-3de5-42a2-873a-153c461bdc87"><testcase classname="backend.tests.test_class_series.TestClassCRUD" name="test_get_classes_empty_or_list" time="0.404" /><testcase classname="backend.tests.test_class_series.TestClassCRUD" name="test_create_class" time="0.051" /><testcase classname="backend.tests.test_class_series.TestClassCRUD" name="test_get_classes_contains_created" time="0.047" /><testcase classname="backend.tests.test_class_series.TestClassCRUD" name="test_update_class" time="0.398" /><testcase classname="backend.tests.test_class_series.TestClassCRUD" name="test_update_class_not_found" time="0.052" /><testcase classname="backend.tests.test_class_series.TestScheduleWithClass" name="test_setup_employee" time="0.409" /><testcase classname="backend.tests.test_class_series.TestScheduleWithClass" name="test_setup_location" time="0.047" /><testcase classname="backend.tests.test_class_series.TestScheduleWithClass" name="test_setup_class" time="0.046" /><testcase classname="backend.tests.test_class_series.TestScheduleWithClass" name="test_create_schedule_with_class" time="0.050" /><testcase classname="backend.tests.test_class_series.TestScheduleWithClass" name="test_get_schedules_has_class_info" time="0.050" /><testcase classname="backend.tests.test_class_series.TestScheduleWithClass" name="test_update_class_syncs_to_schedule" time="0.092" /><testcase classname="backend.tests.test_class_series.TestClassDeletion" name="test_setup_for_deletion" time="0.590" /><testcase classname="backend.tests.test_class_series.TestClassDeletion" name="test_delete_class_preserves_schedule" time="0.097" /><testcase classname="backend.tests.test_class_series.TestClassDeletion" name="test_delete_class_not_found" time="0.066" /><testcase classname="backend.tests.test_class_series.TestWorkloadWithClass" name="test_workload_has_class_breakdown" time="0.456" /><testcase classname="backend.tests.test_class_series.TestWeeklyReportWithClass" name="test_weekly_report_has_class_totals" time="0.408" /><testcase classname="backend.tests.test_class_series.TestWeeklyReportWithClass" name="test_weekly_report_class_filter" time="0.094" /><testcase classname="backend.tests.test_class_series.TestCleanup" name="test_cleanup_test_data" time="0.758" /></testsuite></testsuites>